         w __deregister_frame_info
         w __register_frame_info
         w userAppExit
         w userAppInit
00000000 00000802 B __ctru_dev_utf16_buf
00000000 A __sync_synchronize
00000000 b _TLS_MODULE_BASE_
00000000 a shift
00000000 a shift
00000804 00000401 B __ctru_dev_path_buf
00100000 A __start__
00100000 T _start
00100008 T __service_ptr
0010000c T __apt_appid
00100010 T __heap_size
00100014 T __linear_heap_size
00100018 T __system_arglist
0010001c T __system_runflags
00100020 t startup
00100058 t ClearMem
0010006c t ClrLoop
00100094 T _init
001000ac T __aeabi_idiv
001000ac 00000220 T __divsi3
001000b4 t .divsi3_skip_div0_test
001002cc 00000020 T __aeabi_idivmod
001002ec 00000004 W __aeabi_idiv0
001002ec 00000004 W __aeabi_ldiv0
001002f0 T __aeabi_uldivmod
00100348 00000390 T strcmp
001006d0 t .udivsi3_skip_div0_test
001006d0 T __aeabi_uidiv
001006d0 000001ec T __udivsi3
001008bc 00000020 T __aeabi_uidivmod
001008dc t __do_global_dtors_aux
0010092c t frame_dummy
00100958 000000e0 T main
00100a38 000001c8 T consoleDrawChar
00100c00 00000170 T consolePrintChar
00100d70 00000c40 T con_write
001019b0 00000110 t newRow
00101ac0 00000180 T consoleInit
00101c40 000000cc t gfxPresentFramebuffer
00101d0c 0000001c T gfxIsWide
00101d28 000000f8 T gfxSetScreenFormat
00101e20 00000010 T gfxSetDoubleBuffering
00101e30 000000d8 T gfxInit
00101f08 00000010 T gfxInitDefault
00101f18 000000b8 T gfxExit
00101fd0 000000a0 T gfxGetFramebuffer
00102070 00000100 T gfxFlushBuffers
00102170 00000050 T gfxSwapBuffers
001021c0 00000050 T gfxSwapBuffersGpu
00102210 00000180 t aptConvertScreenForCapture
00102390 00000008 W aptDspSleep
00102398 00000004 W aptDspWakeup
0010239c 00000004 W aptDspCancel
001023a0 00000138 T aptSendCommand
001024d8 00000044 t aptExitProcess
0010251c 00000394 T aptExit
001028b0 000000d8 T aptHandleSleep
00102988 00000084 T APT_SleepIfShellClosed
00102a0c 00000078 T aptSetSleepAllowed
00102a84 00000084 T APT_UnlockTransition
00102b08 00000470 t aptEventHandler
00102f78 000000bc T APT_ReceiveParameter
00103034 000000b0 t aptReceiveParameter.constprop.0
001030e8 00000294 t aptScreenTransfer
0010337c 000002d0 t aptWaitForWakeUp.isra.0
0010364c 000000f4 T aptJumpToHomeMenu
00103740 00000058 T aptMainLoop
00103798 00000240 T aptInit
001039d8 00000090 T APT_CheckNew3DS
00103a68 00000c70 t gspHardwareInit
001046d8 00000280 T gspInit
00104958 00000110 T gspExit
00104a68 00000010 T gspHasGpuRight
00104a78 000000a4 T gspPresentBuffer
00104b1c 00000050 T gspWaitForEvent
00104b6c 00000004 W gxCmdQueueInterrupt
00104b70 00000154 t gspEventThreadMain
00104cc4 00000050 T GSPGPU_FlushDataCache
00104d14 00000034 T GSPGPU_SetLcdForceBlack
00104d48 00000080 T GSPGPU_AcquireRight
00104dc8 0000005c T GSPGPU_ReleaseRight
00104e24 0000007c T GSPGPU_ImportDisplayCaptureInfo
00104ea0 0000002c T GSPGPU_SaveVramSysArea
00104ecc 0000002c T GSPGPU_RestoreVramSysArea
00104ef8 00000024 W hidShouldUseIrrst
00104f1c 000001cc T hidInit
001050e8 000000e8 T hidExit
001051d0 000002a0 T hidScanInput
00105470 00000010 T hidKeysHeld
00105480 00000010 T hidKeysDown
00105490 00000018 T hidCircleRead
001054a8 000001a4 T irrstInit
0010564c 000000dc T irrstExit
00105728 000000b4 T irrstScanInput
001057dc 00000024 T irrstKeysHeld
00105800 00000038 W __libctru_init
00105838 0000016c W __system_initArgv
001059a4 00000030 T __syscall_getreent
001059d4 00000004 T __syscall_lock_acquire
001059d8 00000004 T __syscall_lock_release
001059dc 00000004 T __syscall_lock_acquire_recursive
001059e0 00000004 T __syscall_lock_release_recursive
001059e4 00000004 T __syscall_exit
001059e8 00000054 T initThreadVars
00105a3c 00000080 T __system_initSyscalls
00105abc T svcControlMemory
00105adc T svcQueryMemory
00105b0c T svcExitProcess
00105b14 T svcCreateThread
00105b34 T svcExitThread
00105b3c T svcSleepThread
00105b44 T svcReleaseMutex
00105b4c T svcCreateEvent
00105b60 T svcSignalEvent
00105b68 T svcClearEvent
00105b70 T svcMapMemoryBlock
00105b78 T svcUnmapMemoryBlock
00105b80 T svcCreateAddressArbiter
00105b94 T svcArbitrateAddressNoTimeout
00105b9c T svcCloseHandle
00105ba4 T svcWaitSynchronization
00105bac T svcWaitSynchronizationN
00105bd4 T svcDuplicateHandle
00105be8 T svcConnectToPort
00105bfc T svcSendSyncRequest
00105c04 T svcGetResourceLimit
00105c18 T svcGetResourceLimitLimitValues
00105c20 T svcGetResourceLimitCurrentValues
00105c28 T svcBreak
00105c30 W initSystem
00105c80 W __ctru_exit
00105c94 00000024 t addrMapNodeComparator(rbtree_node const*, rbtree_node const*)
00105cb8 00000004 t addrMapNodeDestructor(rbtree_node*)
00105cbc 0000012c T linearMemAlign
00105de8 00000008 T linearAlloc
00105df0 0000005c T linearFree
00105e4c 00000088 T MemPool::CoalesceRight(MemBlock*)
00105ed4 00000178 T MemPool::Allocate(MemChunk&, unsigned long, int)
0010604c 00000118 T MemPool::Deallocate(MemChunk const&)
00106164 00000030 T MemPool::GetFreeSpace()
00106194 00000024 t addrMapNodeComparator(rbtree_node const*, rbtree_node const*)
001061b8 00000004 t addrMapNodeDestructor(rbtree_node*)
001061bc 00000248 T vramMemAlignAt
00106404 0000000c T vramAlloc
00106410 00000094 T vramFree
001064a4 0000008c W envGetHandle
00106530 00000050 W envDestroyHandles
00106580 00000034 T __ctru_speedup_config
001065b4 00000164 T srvInit
00106718 00000064 T srvExit
0010677c 00000060 T srvEnableNotification
001067dc 000000a0 T srvGetServiceHandleDirect
0010687c 00000048 T srvGetServiceHandle
001068c4 00000034 T srvSubscribe
001068f8 00000060 T srvReceiveNotification
00106958 00000038 T srvPublishToSubscriber
00106990 0000000c T __sync_init
0010699c 00000018 T __sync_fini
001069b4 00000028 T syncArbitrateAddress
001069dc 000000ac T LightLock_Lock
00106a88 00000040 T LightLock_Unlock
00106ac8 00000054 T RecursiveLock_Lock
00106b1c 00000054 T RecursiveLock_Unlock
00106b70 00000044 T LightEvent_Init
00106bb4 000000b8 T LightEvent_Clear
00106c6c 000000dc T LightEvent_Signal
00106d48 00000050 T LightEvent_TryWait
00106d98 000000ac T LightEvent_Wait
00106e44 000001fc T threadCreate
00107040 00000038 T threadFree
00107078 00000024 T threadJoin
0010709c 00000030 T threadGetCurrent
001070cc 00000040 T threadExit
0010710c 00000020 t _thread_begin
0010712c 00000090 t mappableFindAddressWithin
001071bc 00000028 T mappableInit
001071e4 0000007c T mappableAlloc
00107260 00000004 T mappableFree
00107264 00000078 T ptmSysmInit
001072dc 0000003c T ptmSysmExit
00107318 00000034 T PTMSYSM_ConfigureNew3DSCPU
0010734c 0000000c T srvPmGetSessionHandle
00107358 00000074 T rbtree_find
001073cc 00000010 T rbtree_init
001073dc 00000198 t do_insert
00107574 00000008 T rbtree_insert
0010757c 00000310 T rbtree_remove
0010788c 00000090 T rbtree_rotate
00107920 000001e8 W __system_allocateHeaps
00107b08 00000030 W __appExit
00107b38 00000030 W __appInit
00107b68 00000090 W __libctru_exit
00107bf8 00000014 t archive_link
00107c0c 00000014 t archive_dirreset
00107c20 00000014 t archive_chmod
00107c34 00000024 t error_cmp
00107c58 00000050 t archive_translate_error
00107ca8 000000c0 t archive_seek
00107d68 00000078 t _archiveInit.part.0
00107de0 000000d4 t archiveFindDevice.part.0
00107eb4 00000298 t archive_utf16path
0010814c 00000098 t _archiveUnmountDeviceStruct.part.0
001081e4 00000014 t archive_statvfs
001081f8 00000014 t archive_fchmod
0010820c 00000178 t _archiveMountDevice
00108384 000000f8 t archive_diropen
0010847c 000000ac t archive_fstat
00108528 00000074 t archive_fsync
0010859c 00000074 t archive_close
00108610 00000078 t archive_dirclose
00108688 000000ec t sdmc_statvfs
00108774 000000f8 t archive_chdir
0010886c 0000008c t archive_ftruncate
001088f8 000000bc t archive_read
001089b4 000000a8 t archive_unlink
00108a5c 000000c0 t archive_rmdir
00108b1c 000000d8 t archive_mkdir
00108bf4 000001a0 t archive_stat
00108d94 00000164 t archive_dirnext
00108ef8 0000013c t archive_write
00109038 00000254 t archive_open
0010928c 00000270 t archive_rename
001094fc 000001c8 T archiveMountSdmc
001096c4 00000054 T archiveUnmountAll
00109718 00000104 T fsInit
0010981c 0000003c T fsExit
00109858 00000068 T fsExemptFromSession
001098c0 00000050 T fsUnexemptFromSession
00109910 000000cc T FSUSER_OpenFile
001099dc 000000b8 T FSUSER_DeleteFile
00109a94 000000f4 T FSUSER_RenameFile
00109b88 000000b8 T FSUSER_DeleteDirectory
00109c40 000000d0 T FSUSER_CreateFile
00109d10 000000c0 T FSUSER_CreateDirectory
00109dd0 000000f4 T FSUSER_RenameDirectory
00109ec4 000000b4 T FSUSER_OpenDirectory
00109f78 00000090 T FSUSER_OpenArchive
0010a008 0000008c T FSUSER_CloseArchive
0010a094 00000074 T FSUSER_GetSdmcArchiveResource
0010a108 00000064 T FSUSER_IsSdmcWritable
0010a16c 00000064 T FSFILE_Read
0010a1d0 0000006c T FSFILE_Write
0010a23c 00000044 T FSFILE_GetSize
0010a280 00000028 T FSFILE_SetSize
0010a2a8 0000003c T FSFILE_Close
0010a2e4 00000024 T FSFILE_Flush
0010a308 00000060 T FSDIR_Read
0010a368 0000003c T FSDIR_Close
0010a3a4 00000060 T rbtree_node_next
0010a404 00000140 T decode_utf8
0010a544 000000e8 T utf16_to_utf8
0010a62c 000000c0 T utf8_to_utf16
0010a6ec T __aeabi_read_tp
0010a6f8 00000054 T decode_utf16
0010a74c 00000054 T encode_utf16
0010a7a0 000000e0 T encode_utf8
0010a880 00000130 T __udivmoddi4
0010a9b0 000000d8 T strncmp
0010aa88 0000008c T strlen
0010ab14 0000001c t stdio_exit_handler
0010ab30 0000005c t cleanup_stdio
0010ab8c 00000154 t global_stdio_init.part.0
0010ace0 0000005c T __sinit
0010ad3c 0000000c T __sfp_lock_acquire
0010ad48 0000000c T __sfp_lock_release
0010ad54 000001ec t _strtoul_l.isra.0
0010af40 0000003c T strtoul
0010af7c 00000084 T __libc_init_array
0010b000 0000009c T strncat
0010b09c 00000070 T _fwalk_sglue
0010b10c 00000078 T bsearch
0010b184 0000000c T __errno
0010b190 00000028 T memalign
0010b1b8 0000082c T _malloc_r
0010b9e4 00000114 T _malloc_trim_r
0010baf8 00000314 T _free_r
0010be0c 00000034 T printf
0010be40 0000003c T strnlen
0010be7c 00000040 T malloc
0010bebc 00000020 T free
0010bedc 0000022c T __sflush_r
0010c108 000000c4 T _fflush_r
0010c1cc 000000e4 T memset
0010c2b0 0000000c T __malloc_lock
0010c2bc 0000000c T __malloc_unlock
0010c2c8 00000004 W __call_exitprocs
0010c2cc 00000030 T exit
0010c2fc 00000294 T setvbuf
0010c590 000000d4 T strncpy
0010c664 0000012c T memcpy
0010c790 00000044 T __sread
0010c7d4 00000068 T __swrite
0010c83c 00000040 T __sseek
0010c87c 00000008 T __sclose
0010c884 00000144 T _fclose_r
0010c9c8 0000016c T _memalign_r
0010cb34 000005e0 t get_arg
0010d118 00003554 T _vfprintf_r
0011066c 000000b4 t __sbprintf
00110720 000000e8 T memchr
00110808 000001c0 t quorem
001109c8 00001420 T _dtoa_r
00111de8 000000a0 T _wcrtomb_r
00111e88 0000003c T __libc_fini_array
00111ec4 00000164 T __smakebuf_r
00112028 00000090 T __swhatbuf_r
001120b8 00000028 T _wcsrtombs_r
001120e0 00000140 T __swsetup_r
00112220 00000088 T frexp
001122a8 0000005c T __assert_func
00112304 00000088 T _Balloc
0011238c 0000001c T _Bfree
001123a8 000000f4 T __multadd
0011249c 00000080 T __hi0bits
0011251c 000000f0 T __lo0bits
0011260c 000000a4 T __i2b
001126b0 00000230 T __multiply
001128e0 00000130 T __pow5mult
00112a10 00000138 T __lshift
00112b48 00000058 T __mcmp
00112ba0 00000218 T __mdiff
00112db8 00000120 T __d2b
00112ed8 00000024 T __locale_mb_cur_max
00112efc 0000003c T fiprintf
00112f38 0000015c T _wcsnrtombs_l
00113094 00000064 T _wcsnrtombs_r
001130f8 00000340 T __utf8_mbtowc
00113438 00000030 T __sprint_r
00113468 00000014 T abort
0011347c 00000024 T _localeconv_r
001134a0 000000d8 T _calloc_r
00113578 000000f8 T __utf8_wctomb
00113670 000004a4 T __sfvwrite_r
00113b14 00000140 T strchr
00113c54 0000016c T memmove
00113dc0 0000009c T _raise_r
00113e5c 00000020 T raise
00113e7c 000005e0 t get_arg
0011445c 000022f8 T _vfiprintf_r
00116754 000000b4 t __sbprintf
00116808 000004f0 T _realloc_r
00116cf8 00000020 T _exit
00116d18 00000140 T chdir
00116e58 000001c8 T _concatenate_path
00117020 0000009c T _fstat_r
001170bc 00000014 T _getpid_r
001170d0 0000002c T __getreent
001170fc 00000058 T __get_handle
00117154 00000110 T _close_r
00117264 00000008 t null_write
0011726c 00000018 T setDefaultDevice
00117284 000000c4 T FindDevice
00117348 00000028 T RemoveDevice
00117370 00000098 T AddDevice
00117408 00000020 T GetDeviceOpTab
00117428 00000008 T _isatty_r
00117430 00000014 T _kill_r
00117444 00000094 T _lseek_r
001174d8 00000094 T _read_r
0011756c 00000078 W _sbrk_r
001175e4 0000001c T __libc_lock_acquire
00117600 0000001c T __libc_lock_release
0011761c 0000001c T __libc_lock_acquire_recursive
00117638 0000001c T __libc_lock_release_recursive
00117654 00000094 T _write_r
001176e8 00000048 T strrchr
00117730 T _fini
00118124 r .LC2
0011841c 00000080 r dotab_stdout
0011849c 00000018 r grayScale
001184b4 00000006 r colorCube
001184bc 00000030 r colorTable
00118508 00000008 r morton_y.2
00118510 00000008 r morton_x.3
00118518 00000008 r s_sleepWakeEvents.4
00118520 0000000c r serviceNameTable.5
0011852c R default_font_bin
00118d2c R default_font_bin_end
00118d2c 00000030 r error_table
00118d5c 00000080 r archive_devoptab
00118ddc 00000101 R _ctype_
00119004 00000010 r zeroes.0
00119014 00000010 r blanks.1
0011902c 0000006c R __action_table
00119098 0000006c R __state_table
00119104 00000100 R __chclass
00119204 0000000c r p05.0
00119210 00000028 R __mprec_bigtens
00119238 000000c8 R __mprec_tens
001193ec 00000010 r zeroes.0
001193fc 00000010 r blanks.1
0011940c 00000080 R dotab_stdnull
0011948c R __tdata_align
00119490 r __EH_FRAME_BEGIN__
00119490 R __exidx_end
00119490 R __exidx_start
0011a000 00000001 d firstConsoleInit.0
0011a004 00000004 D currentConsole
0011a008 00000048 D defaultConsole
0011a050 00000004 d aptChainloadDeliverArgSize
0011a054 00000004 d kCount
0011a058 00000004 d kInterval
0011a05c 00000004 d kDelay
0011a060 W __stacksize__
0011a064 0000000c D __sglue
0011a070 00000004 D __malloc_sbrk_base
0011a074 00000004 D __malloc_trim_threshold
0011a078 00000408 D __malloc_av_
0011a480 00000004 D _impure_ptr
0011a488 00000140 D _impure_data
0011a5c8 0000016c D __global_locale
0011a734 00000400 d _current_working_directory
0011ab38 00001000 d handles
0011bb38 0000000c d __stderr_handle
0011bb44 0000000c d __stdout_handle
0011bb50 0000000c d __stdin_handle
0011bb5c 0000008c D devoptab_list
0011bbe8 00000004 d defaultDevice
0011bbf4 d _GLOBAL_OFFSET_TABLE_
0011bc00 d __frame_dummy_init_array_entry
0011bc00 D __init_array_start
0011bc00 B __preinit_array_end
0011bc00 B __preinit_array_start
0011bc00 D __tdata_lma
0011bc00 D __tdata_lma_end
0011bc04 d __do_global_dtors_aux_fini_array_entry
0011bc04 D __fini_array_start
0011bc04 D __init_array_end
0011bc08 D __bss_start__
0011bc08 D __fini_array_end
0011bc08 b completed.1
0011bc0c b object.0
0011bc24 00000064 b escapeSeq
0011bc88 00000048 B currentCopy
0011bcd0 00000004 b screenAlloc
0011bcd4 00000004 b screenFree
0011bcd8 00000002 b gfxIsDoubleBuf
0011bcdc 00000002 b gfxCurBuf
0011bcde 00000001 b gfxIsVram
0011bcdf 00000001 b gfxTopMode
0011bce0 00000002 b gfxFramebufferFormats
0011bce4 00000004 b gfxBottomFramebufferMaxSize
0011bce8 00000004 b gfxTopFramebufferMaxSize
0011bcf0 00000008 b gfxBottomFramebuffers
0011bcf8 00000008 b gfxTopFramebuffers
0011bd00 00000001 b flagValue.0
0011bd01 00000001 b flagInit.1
0011bd04 00000004 b serviceName.6
0011bd08 00000001 b aptChainloadFlags
0011bd09 00000001 b aptChainloadMediatype
0011bd0c 00000020 b aptChainloadHmac
0011bd2c 00000300 b aptChainloadDeliverArg
0011c030 00000008 b aptChainloadTid
0011c038 00001000 b aptParameters
0011d038 00000004 b aptFlags
0011d03c 00000001 b aptHomeButtonState
0011d040 00000004 b aptMessageFuncData
0011d044 00000004 b aptMessageFunc
0011d048 0000000c b aptFirstHook
0011d054 00000001 b aptEventHandlerThreadQuit
0011d058 00000004 b aptEventHandlerThread
0011d05c 00000008 b aptSleepEvent
0011d064 00000008 b aptReceiveEvent
0011d06c 00000008 b aptEvents
0011d074 00000004 b aptLockHandle
0011d078 00000004 b aptRefCount
0011d07c 00000007 b gspEventCbOneShot
0011d084 0000001c b gspEventCbData
0011d0a0 0000001c b gspEventCb
0011d0bc 00000038 b gspEvents
0011d0f4 00000004 b gspLastEvent
0011d0f8 00000001 b gspRunEvents
0011d0fc 00000004 b gspEventThread
0011d100 00000004 b gspEvent
0011d104 00000001 b gspGpuRight
0011d105 00000001 b gspThreadId
0011d108 00000004 b gspSharedMem
0011d10c 00000004 b gspSharedMemHandle
0011d110 00000004 b gspRefCount
0011d114 00000004 b gspGpuHandle
0011d118 00000001 b usingIrrst
0011d11c 00000004 b hidRefCount
0011d120 00000006 b gRate
0011d128 00000006 b aVec
0011d130 00000004 b cPos
0011d134 00000004 b tPos
0011d138 00000004 b kRepeat
0011d13c 00000004 b kUp
0011d140 00000004 b kDown
0011d144 00000004 b kHeld
0011d148 00000004 b kOld
0011d14c 00000004 B hidSharedMem
0011d150 00000014 B hidEvents
0011d164 00000004 B hidMemHandle
0011d168 00000004 B hidHandle
0011d16c 00000004 b irrstRefCount
0011d170 00000004 b csPos
0011d174 00000004 b kHeld
0011d178 00000004 B irrstSharedMem
0011d17c 00000004 B irrstEvent
0011d180 00000004 B irrstMemHandle
0011d184 00000004 B irrstHandle
0011d188 00000004 B __system_retAddr
0011d18c 00000004 B __system_argv
0011d190 00000004 B __system_argc
0011d194 b saved_stack
0011d1a0 00000008 b sLinearPool
0011d1a8 0000000c b sAddrMap
0011d1b8 00000008 b sVramPoolB
0011d1c0 00000008 b sVramPoolA
0011d1c8 0000000c b sAddrMap
0011d1d4 00000004 B __3dslink_host
0011d1d8 00000001 V __ctru_speedup
0011d1dc 00000004 b srvRefCount
0011d1e0 00000004 b srvHandle
0011d1e4 00000004 b arbiter
0011d1e8 00000004 b currentAddr
0011d1ec 00000004 b maxAddr
0011d1f0 00000004 b minAddr
0011d1f4 00000004 b ptmSysmRefCount
0011d1f8 00000004 b ptmSysmHandle
0011d1fc 00000004 b srvPmHandle
0011d200 00000004 V __ctru_linear_heap_size
0011d204 00000004 V __ctru_heap_size
0011d208 00000004 B __ctru_linear_heap
0011d20c 00000004 B __ctru_heap
0011d210 000005c0 b archive_devices
0011d7d0 00000004 b archive_device_cwd
0011d7d4 00000001 b archive_initialized
0011d7d8 00000080 b fsExemptArchives
0011d858 00000004 b fsuRefCount
0011d85c 00000004 b fsuHandle
0011d860 0000000c b __sfp_recursive_mutex
0011d870 00000168 B __sf
0011d9d8 00000004 B __stdio_exit_handler
0011d9dc 00000028 B __malloc_current_mallinfo
0011da04 00000004 B __malloc_max_total_mem
0011da08 00000004 B __malloc_max_sbrked_mem
0011da0c 00000004 B __malloc_top_pad
0011da10 0000000c b __malloc_recursive_mutex
0011da1c 00000400 b temp_cwd
0011de1c 00000004 b __hndl_lock
0011de20 00000004 B fake_heap_start
0011de24 00000004 B fake_heap_end
0011de28 00000004 b heap_start.0
0011de2c B __tls_start
0011ea34 B __bss_end__
0011ea34 A __end__
0011ea34 B __tls_end
