         w __deregister_frame_info
         w __register_frame_info
         w userAppExit
         w userAppInit
00000000 00000802 B __ctru_dev_utf16_buf
00000000 A __sync_synchronize
00000000 b _TLS_MODULE_BASE_
00000000 a shift
00000000 a shift
00000804 00000401 B __ctru_dev_path_buf
00100000 A __start__
00100000 T _start
00100008 T __service_ptr
0010000c T __apt_appid
00100010 T __heap_size
00100014 T __linear_heap_size
00100018 T __system_arglist
0010001c T __system_runflags
00100020 t startup
00100058 t ClearMem
0010006c t ClrLoop
00100094 T _init
001000ac T __aeabi_idiv
001000ac 00000220 T __divsi3
001000b4 t .divsi3_skip_div0_test
001002cc 00000020 T __aeabi_idivmod
001002ec 00000004 W __aeabi_idiv0
001002ec 00000004 W __aeabi_ldiv0
001002f0 T __aeabi_uldivmod
00100348 00000390 T strcmp
001006d0 t .udivsi3_skip_div0_test
001006d0 T __aeabi_uidiv
001006d0 000001ec T __udivsi3
001008bc 00000020 T __aeabi_uidivmod
001008dc T __aeabi_drsub
001008e4 000002b0 T __aeabi_dsub
001008e4 000002b0 T __subdf3
001008e8 000002ac T __adddf3
001008e8 000002ac T __aeabi_dadd
00100b94 00000024 T __aeabi_ui2d
00100b94 00000024 T __floatunsidf
00100bb8 00000028 T __aeabi_i2d
00100bb8 00000028 T __floatsidf
00100be0 00000048 T __aeabi_f2d
00100be0 00000048 T __extendsfdf2
00100c28 00000074 T __aeabi_ul2d
00100c28 00000074 T __floatundidf
00100c3c 00000060 T __aeabi_l2d
00100c3c 00000060 T __floatdidf
00100c9c t __do_global_dtors_aux
00100cec t frame_dummy
00100d18 00000294 T main
00100fac 000001c8 T consoleDrawChar
00101174 00000170 T consolePrintChar
001012e4 00000c40 T con_write
00101f24 00000110 t newRow
00102034 00000180 T consoleInit
001021b4 000000cc t gfxPresentFramebuffer
00102280 0000001c T gfxIsWide
0010229c 000000f8 T gfxSetScreenFormat
00102394 00000010 T gfxSetDoubleBuffering
001023a4 000000d8 T gfxInit
0010247c 00000010 T gfxInitDefault
0010248c 000000b8 T gfxExit
00102544 000000a0 T gfxGetFramebuffer
001025e4 00000100 T gfxFlushBuffers
001026e4 00000050 T gfxSwapBuffers
00102734 00000050 T gfxSwapBuffersGpu
00102784 00000090 T acInit
00102814 0000003c T acExit
00102850 00000180 t aptConvertScreenForCapture
001029d0 00000008 W aptDspSleep
001029d8 00000004 W aptDspWakeup
001029dc 00000004 W aptDspCancel
001029e0 00000138 T aptSendCommand
00102b18 00000044 t aptExitProcess
00102b5c 00000394 T aptExit
00102ef0 000000d8 T aptHandleSleep
00102fc8 00000084 T APT_SleepIfShellClosed
0010304c 00000078 T aptSetSleepAllowed
001030c4 00000084 T APT_UnlockTransition
00103148 00000470 t aptEventHandler
001035b8 000000bc T APT_ReceiveParameter
00103674 000000b0 t aptReceiveParameter.constprop.0
00103728 00000294 t aptScreenTransfer
001039bc 000002d0 t aptWaitForWakeUp.isra.0
00103c8c 000000f4 T aptJumpToHomeMenu
00103d80 00000058 T aptMainLoop
00103dd8 00000240 T aptInit
00104018 00000090 T APT_CheckNew3DS
001040a8 00000c70 t gspHardwareInit
00104d18 00000280 T gspInit
00104f98 00000110 T gspExit
001050a8 00000010 T gspHasGpuRight
001050b8 000000a4 T gspPresentBuffer
0010515c 00000050 T gspWaitForEvent
001051ac 00000004 W gxCmdQueueInterrupt
001051b0 00000154 t gspEventThreadMain
00105304 00000050 T GSPGPU_FlushDataCache
00105354 00000034 T GSPGPU_SetLcdForceBlack
00105388 00000080 T GSPGPU_AcquireRight
00105408 0000005c T GSPGPU_ReleaseRight
00105464 0000007c T GSPGPU_ImportDisplayCaptureInfo
001054e0 0000002c T GSPGPU_SaveVramSysArea
0010550c 0000002c T GSPGPU_RestoreVramSysArea
00105538 00000024 W hidShouldUseIrrst
0010555c 000001cc T hidInit
00105728 000000e8 T hidExit
00105810 000002a0 T hidScanInput
00105ab0 00000010 T hidKeysHeld
00105ac0 00000010 T hidKeysDown
00105ad0 00000018 T hidCircleRead
00105ae8 000001a4 T irrstInit
00105c8c 000000dc T irrstExit
00105d68 000000b4 T irrstScanInput
00105e1c 00000024 T irrstKeysHeld
00105e40 00000078 T closesocket
00105eb8 00000070 T inet_pton
00105f28 00000014 t soc_open
00105f3c 00000034 t soc_read
00105f70 00000034 t soc_write
00105fa4 000000b0 t soc_close
00106054 00000190 T socInit
001061e4 00000088 T socExit
0010626c 00000148 T socuipc_cmd7
001063b4 00000168 T socuipc_cmd8
0010651c 00000010 T soc_recvfrom
0010652c 0000015c T socuipc_cmd9
00106688 00000160 T socuipc_cmda
001067e8 00000010 T soc_sendto
001067f8 000000a4 T sendto
0010689c 0000016c T socket
00106a08 00000038 W __libctru_init
00106a40 0000016c W __system_initArgv
00106bac 00000030 T __syscall_getreent
00106bdc 00000004 T __syscall_lock_acquire
00106be0 00000004 T __syscall_lock_release
00106be4 00000004 T __syscall_lock_acquire_recursive
00106be8 00000004 T __syscall_lock_release_recursive
00106bec 00000004 T __syscall_exit
00106bf0 00000054 T initThreadVars
00106c44 00000080 T __system_initSyscalls
00106cc4 T svcControlMemory
00106ce4 T svcQueryMemory
00106d14 T svcExitProcess
00106d1c T svcCreateThread
00106d3c T svcExitThread
00106d44 T svcSleepThread
00106d4c T svcReleaseMutex
00106d54 T svcCreateEvent
00106d68 T svcSignalEvent
00106d70 T svcClearEvent
00106d78 T svcCreateMemoryBlock
00106d90 T svcMapMemoryBlock
00106d98 T svcUnmapMemoryBlock
00106da0 T svcCreateAddressArbiter
00106db4 T svcArbitrateAddressNoTimeout
00106dbc T svcCloseHandle
00106dc4 T svcWaitSynchronization
00106dcc T svcWaitSynchronizationN
00106df4 T svcDuplicateHandle
00106e08 T svcConnectToPort
00106e1c T svcSendSyncRequest
00106e24 T svcGetResourceLimit
00106e38 T svcGetResourceLimitLimitValues
00106e40 T svcGetResourceLimitCurrentValues
00106e48 T svcBreak
00106e50 W initSystem
00106ea0 W __ctru_exit
00106eb4 00000024 t addrMapNodeComparator(rbtree_node const*, rbtree_node const*)
00106ed8 00000004 t addrMapNodeDestructor(rbtree_node*)
00106edc 0000012c T linearMemAlign
00107008 00000008 T linearAlloc
00107010 0000005c T linearFree
0010706c 00000088 T MemPool::CoalesceRight(MemBlock*)
001070f4 00000178 T MemPool::Allocate(MemChunk&, unsigned long, int)
0010726c 00000118 T MemPool::Deallocate(MemChunk const&)
00107384 00000030 T MemPool::GetFreeSpace()
001073b4 00000024 t addrMapNodeComparator(rbtree_node const*, rbtree_node const*)
001073d8 00000004 t addrMapNodeDestructor(rbtree_node*)
001073dc 00000248 T vramMemAlignAt
00107624 0000000c T vramAlloc
00107630 00000094 T vramFree
001076c4 0000008c W envGetHandle
00107750 00000050 W envDestroyHandles
001077a0 00000034 T __ctru_speedup_config
001077d4 00000164 T srvInit
00107938 00000064 T srvExit
0010799c 00000060 T srvEnableNotification
001079fc 000000a0 T srvGetServiceHandleDirect
00107a9c 00000048 T srvGetServiceHandle
00107ae4 00000034 T srvSubscribe
00107b18 00000060 T srvReceiveNotification
00107b78 00000038 T srvPublishToSubscriber
00107bb0 0000000c T __sync_init
00107bbc 00000018 T __sync_fini
00107bd4 00000028 T syncArbitrateAddress
00107bfc 000000ac T LightLock_Lock
00107ca8 00000040 T LightLock_Unlock
00107ce8 00000054 T RecursiveLock_Lock
00107d3c 00000054 T RecursiveLock_Unlock
00107d90 00000044 T LightEvent_Init
00107dd4 000000b8 T LightEvent_Clear
00107e8c 000000dc T LightEvent_Signal
00107f68 00000050 T LightEvent_TryWait
00107fb8 000000ac T LightEvent_Wait
00108064 000001fc T threadCreate
00108260 00000038 T threadFree
00108298 00000024 T threadJoin
001082bc 00000030 T threadGetCurrent
001082ec 00000040 T threadExit
0010832c 00000020 t _thread_begin
0010834c 00000090 t mappableFindAddressWithin
001083dc 00000028 T mappableInit
00108404 0000007c T mappableAlloc
00108480 00000004 T mappableFree
00108484 00000078 T ptmSysmInit
001084fc 0000003c T ptmSysmExit
00108538 00000034 T PTMSYSM_ConfigureNew3DSCPU
0010856c 0000000c T srvPmGetSessionHandle
00108578 0000003c T _net_convert_error
001085b4 00000074 T rbtree_find
00108628 00000010 T rbtree_init
00108638 00000198 t do_insert
001087d0 00000008 T rbtree_insert
001087d8 00000310 T rbtree_remove
00108ae8 00000090 T rbtree_rotate
00108b78 000001e8 W __system_allocateHeaps
00108d60 00000030 W __appExit
00108d90 00000030 W __appInit
00108dc0 00000090 W __libctru_exit
00108e50 00000014 t archive_link
00108e64 00000014 t archive_dirreset
00108e78 00000014 t archive_chmod
00108e8c 00000024 t error_cmp
00108eb0 00000050 t archive_translate_error
00108f00 000000c0 t archive_seek
00108fc0 00000078 t _archiveInit.part.0
00109038 000000d4 t archiveFindDevice.part.0
0010910c 00000298 t archive_utf16path
001093a4 00000098 t _archiveUnmountDeviceStruct.part.0
0010943c 00000014 t archive_statvfs
00109450 00000014 t archive_fchmod
00109464 00000178 t _archiveMountDevice
001095dc 000000f8 t archive_diropen
001096d4 000000ac t archive_fstat
00109780 00000074 t archive_fsync
001097f4 00000074 t archive_close
00109868 00000078 t archive_dirclose
001098e0 000000ec t sdmc_statvfs
001099cc 000000f8 t archive_chdir
00109ac4 0000008c t archive_ftruncate
00109b50 000000bc t archive_read
00109c0c 000000a8 t archive_unlink
00109cb4 000000c0 t archive_rmdir
00109d74 000000d8 t archive_mkdir
00109e4c 000001a0 t archive_stat
00109fec 00000164 t archive_dirnext
0010a150 0000013c t archive_write
0010a290 00000254 t archive_open
0010a4e4 00000270 t archive_rename
0010a754 000001c8 T archiveMountSdmc
0010a91c 00000054 T archiveUnmountAll
0010a970 00000104 T fsInit
0010aa74 0000003c T fsExit
0010aab0 00000068 T fsExemptFromSession
0010ab18 00000050 T fsUnexemptFromSession
0010ab68 000000cc T FSUSER_OpenFile
0010ac34 000000b8 T FSUSER_DeleteFile
0010acec 000000f4 T FSUSER_RenameFile
0010ade0 000000b8 T FSUSER_DeleteDirectory
0010ae98 000000d0 T FSUSER_CreateFile
0010af68 000000c0 T FSUSER_CreateDirectory
0010b028 000000f4 T FSUSER_RenameDirectory
0010b11c 000000b4 T FSUSER_OpenDirectory
0010b1d0 00000090 T FSUSER_OpenArchive
0010b260 0000008c T FSUSER_CloseArchive
0010b2ec 00000074 T FSUSER_GetSdmcArchiveResource
0010b360 00000064 T FSUSER_IsSdmcWritable
0010b3c4 00000064 T FSFILE_Read
0010b428 0000006c T FSFILE_Write
0010b494 00000044 T FSFILE_GetSize
0010b4d8 00000028 T FSFILE_SetSize
0010b500 0000003c T FSFILE_Close
0010b53c 00000024 T FSFILE_Flush
0010b560 00000060 T FSDIR_Read
0010b5c0 0000003c T FSDIR_Close
0010b5fc 00000060 T rbtree_node_next
0010b65c 00000140 T decode_utf8
0010b79c 000000e8 T utf16_to_utf8
0010b884 000000c0 T utf8_to_utf16
0010b944 T __aeabi_read_tp
0010b950 00000054 T decode_utf16
0010b9a4 00000054 T encode_utf16
0010b9f8 000000e0 T encode_utf8
0010bad8 0000002c T __aeabi_d2lz
0010bad8 0000002c T __fixdfdi
0010bb08 00000040 T __aeabi_d2ulz
0010bb08 00000040 T __fixunsdfdi
0010bb48 00000130 T __udivmoddi4
0010bc78 000000d8 T strncmp
0010bd50 0000008c T strlen
0010bddc 0000001c t stdio_exit_handler
0010bdf8 0000005c t cleanup_stdio
0010be54 00000154 t global_stdio_init.part.0
0010bfa8 0000005c T __sinit
0010c004 0000000c T __sfp_lock_acquire
0010c010 0000000c T __sfp_lock_release
0010c01c 000001ec t _strtoul_l.isra.0
0010c208 00000038 T _strtoul_r
0010c240 0000003c T strtoul
0010c27c 00000084 T __libc_init_array
0010c300 0000009c T strncat
0010c39c 00000070 T _fwalk_sglue
0010c40c 00000078 T bsearch
0010c484 0000000c T __errno
0010c490 00000028 T memalign
0010c4b8 0000082c T _malloc_r
0010cce4 00000114 T _malloc_trim_r
0010cdf8 00000314 T _free_r
0010d10c 00000034 T printf
0010d140 0000003c T strnlen
0010d17c 00000040 T malloc
0010d1bc 00000020 T free
0010d1dc 0000022c T __sflush_r
0010d408 000000c4 T _fflush_r
0010d4cc 000000e4 T memset
0010d5b0 0000000c T __malloc_lock
0010d5bc 0000000c T __malloc_unlock
0010d5c8 00000004 W __call_exitprocs
0010d5cc 00000030 T exit
0010d5fc 00000294 T setvbuf
0010d890 00000020 T close
0010d8b0 000000d4 T strncpy
0010d984 0000012c T memcpy
0010dab0 00000078 T sscanf
0010db28 00000044 T __sread
0010db6c 00000008 T __seofread
0010db74 00000068 T __swrite
0010dbdc 00000040 T __sseek
0010dc1c 00000008 T __sclose
0010dc24 00000144 T _fclose_r
0010dd68 0000016c T _memalign_r
0010ded4 000005e0 t get_arg
0010e4b8 00003554 T _vfprintf_r
00111a0c 000000b4 t __sbprintf
00111ac0 000000e8 T memchr
00111ba8 000001c0 t quorem
00111d68 00001420 T _dtoa_r
00113188 000000a0 T _wcrtomb_r
00113228 0000003c T __libc_fini_array
00113264 00000164 T __smakebuf_r
001133c8 00000090 T __swhatbuf_r
00113458 00000050 t get_arg
001134a8 00002b88 T __ssvfscanf_r
00116030 00000264 t _strtoull_l.isra.0
00116294 00000038 T _strtoull_r
001162cc 00000028 T _wcsrtombs_r
001162f4 000000c4 T _mbrtowc_r
001163b8 00000140 T __swsetup_r
001164f8 0000000c T nanf
00116508 00000088 T frexp
00116590 0000005c T __assert_func
001165ec 00000088 T _Balloc
00116674 0000001c T _Bfree
00116690 000000f4 T __multadd
00116784 0000010c T __s2b
00116890 00000080 T __hi0bits
00116910 000000f0 T __lo0bits
00116a00 000000a4 T __i2b
00116aa4 00000230 T __multiply
00116cd4 00000130 T __pow5mult
00116e04 00000138 T __lshift
00116f3c 00000058 T __mcmp
00116f94 00000218 T __mdiff
001171ac 00000068 T __ulp
00117214 000000d4 T __b2d
001172e8 00000120 T __d2b
00117408 00000078 T __ratio
00117480 0000008c T __copybits
0011750c 0000005c T __any_on
00117568 0000047c t _strtoll_l.isra.0
001179e4 00000038 T _strtoll_r
00117a1c 00000024 T __locale_mb_cur_max
00117a40 00000060 t sulp
00117aa0 00001428 T _strtod_l
00118ec8 00000044 T _strtod_r
00118f0c 000000a4 T __ssprint_r
00118fb0 0000003c T fiprintf
00118fec 0000015c T _wcsnrtombs_l
00119148 00000064 T _wcsnrtombs_r
001191ac 000000e4 T _sungetc_r
00119290 0000006c T __ssrefill_r
001192fc 000000b4 T _sfread_r
001193b0 000000f4 t rshift
001194a4 000008b4 T __gethex
00119d58 00000068 T sprintf
00119dc0 00000340 T __utf8_mbtowc
0011a100 00000030 T __sprint_r
0011a130 00000008 T iswspace
0011a138 00000014 T abort
0011a14c 00000024 T _localeconv_r
0011a170 000000d8 T _calloc_r
0011a248 00000028 T realloc
0011a270 000005e0 t get_arg
0011a850 0000345c T _svfprintf_r
0011dcac 00000384 t _strtol_l.part.0
0011e030 0000006c T _strtol_r
0011e09c 000000f8 T __sccl
0011e194 000000dc T stpncpy
0011e270 000004f0 T _realloc_r
0011e760 0000012c T __ssputs_r
0011e88c 000000f8 T __utf8_wctomb
0011e984 00000070 T __match
0011e9f4 000002a8 T __hexnan
0011eca0 00000010 T nan
0011ecb0 000004a4 T __sfvwrite_r
0011f154 00000140 T strchr
0011f294 0000016c T memmove
0011f400 0000009c T _raise_r
0011f49c 00000020 T raise
0011f4bc 00000038 T iswspace_l
0011f4f4 000000b8 T __submore
0011f5ac 000005e0 t get_arg
0011fb8c 000022f8 T _vfiprintf_r
00121e84 000000b4 t __sbprintf
00121f38 00000090 T category
00121fc8 00000020 T _exit
00121fe8 00000140 T chdir
00122128 000001c8 T _concatenate_path
001222f0 0000009c T _fstat_r
0012238c 00000014 T _getpid_r
001223a0 0000002c T __getreent
001223cc 000000a0 T __release_handle
0012246c 000000b0 T __alloc_handle
0012251c 00000058 T __get_handle
00122574 00000110 T _close_r
00122684 00000008 t null_write
0012268c 00000018 T setDefaultDevice
001226a4 000000c4 T FindDevice
00122768 00000028 T RemoveDevice
00122790 00000098 T AddDevice
00122828 00000020 T GetDeviceOpTab
00122848 00000008 T _isatty_r
00122850 00000014 T _kill_r
00122864 00000094 T _lseek_r
001228f8 00000094 T _read_r
0012298c 00000078 W _sbrk_r
00122a04 0000001c T __libc_lock_acquire
00122a20 0000001c T __libc_lock_release
00122a3c 0000001c T __libc_lock_acquire_recursive
00122a58 0000001c T __libc_lock_release_recursive
00122a74 00000094 T _write_r
00122b08 00000048 T strrchr
00122b50 T _fini
0012322c r .LC2
001235b0 00000080 r dotab_stdout
00123630 00000018 r grayScale
00123648 00000006 r colorCube
00123650 00000030 r colorTable
0012369c 00000008 r morton_y.2
001236a4 00000008 r morton_x.3
001236ac 00000008 r s_sleepWakeEvents.4
001236b4 0000000c r serviceNameTable.5
001236c0 R default_font_bin
00123ec0 0000004d r _net_error_code_map
00123ec0 R default_font_bin_end
00123f10 00000030 r error_table
00123f40 00000080 r archive_devoptab
00123fc0 00000101 R _ctype_
001241ec 00000010 r zeroes.0
001241fc 00000010 r blanks.1
00124328 00000022 r basefix.0
0012434c 0000006c R __action_table
001243b8 0000006c R __state_table
00124424 00000100 R __chclass
00124524 0000000c r p05.0
00124530 00000028 R __mprec_bigtens
00124558 000000c8 R __mprec_tens
00124684 00000014 r fpinan.0
00124698 00000014 r fpi.1
001246b0 00000028 r tinytens
001246d8 00000100 R __hexdig
001248c4 00000010 r zeroes.0
001248d4 00000010 r blanks.1
001249d0 00000010 r zeroes.0
001249e0 00000010 r blanks.1
001249f0 000035dc r categories
00127fcc 00000080 R dotab_stdnull
0012804c R __tdata_align
00128050 r __EH_FRAME_BEGIN__
00128050 R __exidx_end
00128050 R __exidx_start
00129000 00000001 d firstConsoleInit.0
00129004 00000004 D currentConsole
00129008 00000048 D defaultConsole
00129050 00000004 d aptChainloadDeliverArgSize
00129054 00000004 d kCount
00129058 00000004 d kInterval
0012905c 00000004 d kDelay
00129060 00000080 d soc_devoptab
001290e0 W __stacksize__
001290e4 0000000c D __sglue
001290f0 00000004 D __malloc_sbrk_base
001290f4 00000004 D __malloc_trim_threshold
001290f8 00000408 D __malloc_av_
00129500 00000004 D _impure_ptr
00129508 00000140 D _impure_data
00129648 0000016c D __global_locale
001297b4 00000400 d _current_working_directory
00129bb8 00001000 d handles
0012abb8 0000000c d __stderr_handle
0012abc4 0000000c d __stdout_handle
0012abd0 0000000c d __stdin_handle
0012abdc 0000008c D devoptab_list
0012ac68 00000004 d defaultDevice
0012ac74 d _GLOBAL_OFFSET_TABLE_
0012ac80 d __frame_dummy_init_array_entry
0012ac80 D __init_array_start
0012ac80 B __preinit_array_end
0012ac80 B __preinit_array_start
0012ac80 D __tdata_lma
0012ac80 D __tdata_lma_end
0012ac84 d __do_global_dtors_aux_fini_array_entry
0012ac84 D __fini_array_start
0012ac84 D __init_array_end
0012ac88 D __bss_start__
0012ac88 D __fini_array_end
0012ac88 b completed.1
0012ac8c b object.0
0012aca4 00000064 b escapeSeq
0012ad08 00000048 B currentCopy
0012ad50 00000004 b screenAlloc
0012ad54 00000004 b screenFree
0012ad58 00000002 b gfxIsDoubleBuf
0012ad5c 00000002 b gfxCurBuf
0012ad5e 00000001 b gfxIsVram
0012ad5f 00000001 b gfxTopMode
0012ad60 00000002 b gfxFramebufferFormats
0012ad64 00000004 b gfxBottomFramebufferMaxSize
0012ad68 00000004 b gfxTopFramebufferMaxSize
0012ad70 00000008 b gfxBottomFramebuffers
0012ad78 00000008 b gfxTopFramebuffers
0012ad80 00000004 b acRefCount
0012ad84 00000004 b acHandle
0012ad88 00000001 b flagValue.0
0012ad89 00000001 b flagInit.1
0012ad8c 00000004 b serviceName.6
0012ad90 00000001 b aptChainloadFlags
0012ad91 00000001 b aptChainloadMediatype
0012ad94 00000020 b aptChainloadHmac
0012adb4 00000300 b aptChainloadDeliverArg
0012b0b8 00000008 b aptChainloadTid
0012b0c0 00001000 b aptParameters
0012c0c0 00000004 b aptFlags
0012c0c4 00000001 b aptHomeButtonState
0012c0c8 00000004 b aptMessageFuncData
0012c0cc 00000004 b aptMessageFunc
0012c0d0 0000000c b aptFirstHook
0012c0dc 00000001 b aptEventHandlerThreadQuit
0012c0e0 00000004 b aptEventHandlerThread
0012c0e4 00000008 b aptSleepEvent
0012c0ec 00000008 b aptReceiveEvent
0012c0f4 00000008 b aptEvents
0012c0fc 00000004 b aptLockHandle
0012c100 00000004 b aptRefCount
0012c104 00000007 b gspEventCbOneShot
0012c10c 0000001c b gspEventCbData
0012c128 0000001c b gspEventCb
0012c144 00000038 b gspEvents
0012c17c 00000004 b gspLastEvent
0012c180 00000001 b gspRunEvents
0012c184 00000004 b gspEventThread
0012c188 00000004 b gspEvent
0012c18c 00000001 b gspGpuRight
0012c18d 00000001 b gspThreadId
0012c190 00000004 b gspSharedMem
0012c194 00000004 b gspSharedMemHandle
0012c198 00000004 b gspRefCount
0012c19c 00000004 b gspGpuHandle
0012c1a0 00000001 b usingIrrst
0012c1a4 00000004 b hidRefCount
0012c1a8 00000006 b gRate
0012c1b0 00000006 b aVec
0012c1b8 00000004 b cPos
0012c1bc 00000004 b tPos
0012c1c0 00000004 b kRepeat
0012c1c4 00000004 b kUp
0012c1c8 00000004 b kDown
0012c1cc 00000004 b kHeld
0012c1d0 00000004 b kOld
0012c1d4 00000004 B hidSharedMem
0012c1d8 00000014 B hidEvents
0012c1ec 00000004 B hidMemHandle
0012c1f0 00000004 B hidHandle
0012c1f4 00000004 b irrstRefCount
0012c1f8 00000004 b csPos
0012c1fc 00000004 b kHeld
0012c200 00000004 B irrstSharedMem
0012c204 00000004 B irrstEvent
0012c208 00000004 B irrstMemHandle
0012c20c 00000004 B irrstHandle
0012c210 00000004 B __system_retAddr
0012c214 00000004 B __system_argv
0012c218 00000004 B __system_argc
0012c21c b saved_stack
0012c228 00000008 b sLinearPool
0012c230 0000000c b sAddrMap
0012c240 00000008 b sVramPoolB
0012c248 00000008 b sVramPoolA
0012c250 0000000c b sAddrMap
0012c25c 00000004 B __3dslink_host
0012c260 00000001 V __ctru_speedup
0012c264 00000004 b srvRefCount
0012c268 00000004 b srvHandle
0012c26c 00000004 b arbiter
0012c270 00000004 b currentAddr
0012c274 00000004 b maxAddr
0012c278 00000004 b minAddr
0012c27c 00000004 b ptmSysmRefCount
0012c280 00000004 b ptmSysmHandle
0012c284 00000004 b srvPmHandle
0012c288 00000004 B socMemhandle
0012c28c 00000004 B SOCU_handle
0012c290 00000004 V __ctru_linear_heap_size
0012c294 00000004 V __ctru_heap_size
0012c298 00000004 B __ctru_linear_heap
0012c29c 00000004 B __ctru_heap
0012c2a0 000005c0 b archive_devices
0012c860 00000004 b archive_device_cwd
0012c864 00000001 b archive_initialized
0012c868 00000080 b fsExemptArchives
0012c8e8 00000004 b fsuRefCount
0012c8ec 00000004 b fsuHandle
0012c8f0 0000000c b __sfp_recursive_mutex
0012c900 00000168 B __sf
0012ca68 00000004 B __stdio_exit_handler
0012ca6c 00000028 B __malloc_current_mallinfo
0012ca94 00000004 B __malloc_max_total_mem
0012ca98 00000004 B __malloc_max_sbrked_mem
0012ca9c 00000004 B __malloc_top_pad
0012caa0 0000000c b __malloc_recursive_mutex
0012caac 00000400 b temp_cwd
0012ceac 00000004 b __hndl_lock
0012ceb0 00000004 B fake_heap_start
0012ceb4 00000004 B fake_heap_end
0012ceb8 00000004 b heap_start.0
0012cebc B __tls_start
0012dac4 B __bss_end__
0012dac4 A __end__
0012dac4 B __tls_end
